This is pdfTeX, Version 3.14159265-2.6-1.40.16 (MiKTeX 2.9 64-bit) (preloaded format=pdflatex 2015.9.1)  18 MAY 2016 02:10
entering extended mode
**SortingNetworks.tex
(SortingNetworks.tex
LaTeX2e <2015/01/01> patch level 2
Babel <3.9m> and hyphenation patterns for 69 languages loaded.
IJCAI-11 Instructions for Authors

("C:\Users\Admin\Documents\My Programs\Installed LaTeX (MikTeX)\tex\latex\base\
article.cls"
Document Class: article 2014/09/29 v1.4h Standard LaTeX document class

("C:\Users\Admin\Documents\My Programs\Installed LaTeX (MikTeX)\tex\latex\base\
size10.clo"
File: size10.clo 2014/09/29 v1.4h Standard LaTeX file (size option)
)
\c@part=\count79
\c@section=\count80
\c@subsection=\count81
\c@subsubsection=\count82
\c@paragraph=\count83
\c@subparagraph=\count84
\c@figure=\count85
\c@table=\count86
\abovecaptionskip=\skip41
\belowcaptionskip=\skip42
\bibindent=\dimen102
) (SortingNetworks.sty
Conference Style, version of 6 September 1995 (revised Nov 2010)
\titlebox=\skip43
Named Citation Style, version of 30 November 1994
)
("C:\Users\Admin\Documents\My Programs\Installed LaTeX (MikTeX)\tex\latex\psnfs
s\times.sty"
Package: times 2005/04/12 PSNFSS-v9.2a (SPQR) 
)
("C:\Users\Admin\Documents\My Programs\Installed LaTeX (MikTeX)\tex\latex\base\
latexsym.sty"
Package: latexsym 1998/08/17 v2.2e Standard LaTeX package (lasy symbols)
\symlasy=\mathgroup4
LaTeX Font Info:    Overwriting symbol font `lasy' in version `bold'
(Font)                  U/lasy/m/n --> U/lasy/b/n on input line 52.
)
("C:\Users\Admin\Documents\My Programs\Installed LaTeX (MikTeX)\tex\latex\pgfpl
ots\pgfplots.sty"
("C:\Users\Admin\Documents\My Programs\Installed LaTeX (MikTeX)\tex\generic\pgf
plots\pgfplots.revision.tex")
Package: pgfplots 2016/01/06 v1.13 Data Visualization (1.13)

("C:\Users\Admin\Documents\My Programs\Installed LaTeX (MikTeX)\tex\latex\pgf\f
rontendlayer\tikz.sty"
("C:\Users\Admin\Documents\My Programs\Installed LaTeX (MikTeX)\tex\latex\pgf\b
asiclayer\pgf.sty"
("C:\Users\Admin\Documents\My Programs\Installed LaTeX (MikTeX)\tex\latex\pgf\u
tilities\pgfrcs.sty"
("C:\Users\Admin\Documents\My Programs\Installed LaTeX (MikTeX)\tex\generic\pgf
\utilities\pgfutil-common.tex"
\pgfutil@everybye=\toks14
\pgfutil@tempdima=\dimen103
\pgfutil@tempdimb=\dimen104

("C:\Users\Admin\Documents\My Programs\Installed LaTeX (MikTeX)\tex\generic\pgf
\utilities\pgfutil-common-lists.tex"))
("C:\Users\Admin\Documents\My Programs\Installed LaTeX (MikTeX)\tex\generic\pgf
\utilities\pgfutil-latex.def"
\pgfutil@abb=\box26

("C:\Users\Admin\Documents\My Programs\Installed LaTeX (MikTeX)\tex\latex\ms\ev
eryshi.sty"
Package: everyshi 2001/05/15 v3.00 EveryShipout Package (MS)
))
("C:\Users\Admin\Documents\My Programs\Installed LaTeX (MikTeX)\tex\generic\pgf
\utilities\pgfrcs.code.tex"
Package: pgfrcs 2015/08/07 v3.0.1a (rcs-revision 1.31)
))
Package: pgf 2015/08/07 v3.0.1a (rcs-revision 1.15)

("C:\Users\Admin\Documents\My Programs\Installed LaTeX (MikTeX)\tex\latex\pgf\b
asiclayer\pgfcore.sty"
("C:\Users\Admin\Documents\My Programs\Installed LaTeX (MikTeX)\tex\latex\graph
ics\graphicx.sty"
Package: graphicx 2014/10/28 v1.0g Enhanced LaTeX Graphics (DPC,SPQR)

("C:\Users\Admin\Documents\My Programs\Installed LaTeX (MikTeX)\tex\latex\graph
ics\keyval.sty"
Package: keyval 2014/10/28 v1.15 key=value parser (DPC)
\KV@toks@=\toks15
)
("C:\Users\Admin\Documents\My Programs\Installed LaTeX (MikTeX)\tex\latex\graph
ics\graphics.sty"
Package: graphics 2014/10/28 v1.0p Standard LaTeX Graphics (DPC,SPQR)

("C:\Users\Admin\Documents\My Programs\Installed LaTeX (MikTeX)\tex\latex\graph
ics\trig.sty"
Package: trig 1999/03/16 v1.09 sin cos tan (DPC)
)
("C:\Users\Admin\Documents\My Programs\Installed LaTeX (MikTeX)\tex\latex\00mik
tex\graphics.cfg"
File: graphics.cfg 2007/01/18 v1.5 graphics configuration of teTeX/TeXLive
)
Package graphics Info: Driver file: pdftex.def on input line 94.

("C:\Users\Admin\Documents\My Programs\Installed LaTeX (MikTeX)\tex\latex\pdfte
x-def\pdftex.def"
File: pdftex.def 2011/05/27 v0.06d Graphics/color for pdfTeX

("C:\Users\Admin\Documents\My Programs\Installed LaTeX (MikTeX)\tex\generic\obe
rdiek\infwarerr.sty"
Package: infwarerr 2010/04/08 v1.3 Providing info/warning/error messages (HO)
)
("C:\Users\Admin\Documents\My Programs\Installed LaTeX (MikTeX)\tex\generic\obe
rdiek\ltxcmds.sty"
Package: ltxcmds 2011/11/09 v1.22 LaTeX kernel commands for general use (HO)
)
\Gread@gobject=\count87
))
\Gin@req@height=\dimen105
\Gin@req@width=\dimen106
)
("C:\Users\Admin\Documents\My Programs\Installed LaTeX (MikTeX)\tex\latex\pgf\s
ystemlayer\pgfsys.sty"
("C:\Users\Admin\Documents\My Programs\Installed LaTeX (MikTeX)\tex\generic\pgf
\systemlayer\pgfsys.code.tex"
Package: pgfsys 2014/07/09 v3.0.1a (rcs-revision 1.48)

("C:\Users\Admin\Documents\My Programs\Installed LaTeX (MikTeX)\tex\generic\pgf
\utilities\pgfkeys.code.tex"
\pgfkeys@pathtoks=\toks16
\pgfkeys@temptoks=\toks17

("C:\Users\Admin\Documents\My Programs\Installed LaTeX (MikTeX)\tex\generic\pgf
\utilities\pgfkeysfiltered.code.tex"
\pgfkeys@tmptoks=\toks18
))
\pgf@x=\dimen107
\pgf@y=\dimen108
\pgf@xa=\dimen109
\pgf@ya=\dimen110
\pgf@xb=\dimen111
\pgf@yb=\dimen112
\pgf@xc=\dimen113
\pgf@yc=\dimen114
\w@pgf@writea=\write3
\r@pgf@reada=\read1
\c@pgf@counta=\count88
\c@pgf@countb=\count89
\c@pgf@countc=\count90
\c@pgf@countd=\count91
\t@pgf@toka=\toks19
\t@pgf@tokb=\toks20
\t@pgf@tokc=\toks21

("C:\Users\Admin\Documents\My Programs\Installed LaTeX (MikTeX)\tex\generic\pgf
\systemlayer\pgf.cfg"
File: pgf.cfg 2008/05/14  (rcs-revision 1.7)
)
Driver file for pgf: pgfsys-pdftex.def

("C:\Users\Admin\Documents\My Programs\Installed LaTeX (MikTeX)\tex\generic\pgf
\systemlayer\pgfsys-pdftex.def"
File: pgfsys-pdftex.def 2014/10/11  (rcs-revision 1.35)

("C:\Users\Admin\Documents\My Programs\Installed LaTeX (MikTeX)\tex\generic\pgf
\systemlayer\pgfsys-common-pdf.def"
File: pgfsys-common-pdf.def 2013/10/10  (rcs-revision 1.13)
)))
("C:\Users\Admin\Documents\My Programs\Installed LaTeX (MikTeX)\tex\generic\pgf
\systemlayer\pgfsyssoftpath.code.tex"
File: pgfsyssoftpath.code.tex 2013/09/09  (rcs-revision 1.9)
\pgfsyssoftpath@smallbuffer@items=\count92
\pgfsyssoftpath@bigbuffer@items=\count93
)
("C:\Users\Admin\Documents\My Programs\Installed LaTeX (MikTeX)\tex\generic\pgf
\systemlayer\pgfsysprotocol.code.tex"
File: pgfsysprotocol.code.tex 2006/10/16  (rcs-revision 1.4)
))
("C:\Users\Admin\Documents\My Programs\Installed LaTeX (MikTeX)\tex\latex\xcolo
r\xcolor.sty"
Package: xcolor 2007/01/21 v2.11 LaTeX color extensions (UK)

("C:\Users\Admin\Documents\My Programs\Installed LaTeX (MikTeX)\tex\latex\00mik
tex\color.cfg"
File: color.cfg 2007/01/18 v1.5 color configuration of teTeX/TeXLive
)
Package xcolor Info: Driver file: pdftex.def on input line 225.
Package xcolor Info: Model `cmy' substituted by `cmy0' on input line 1337.
Package xcolor Info: Model `hsb' substituted by `rgb' on input line 1341.
Package xcolor Info: Model `RGB' extended on input line 1353.
Package xcolor Info: Model `HTML' substituted by `rgb' on input line 1355.
Package xcolor Info: Model `Hsb' substituted by `hsb' on input line 1356.
Package xcolor Info: Model `tHsb' substituted by `hsb' on input line 1357.
Package xcolor Info: Model `HSB' substituted by `hsb' on input line 1358.
Package xcolor Info: Model `Gray' substituted by `gray' on input line 1359.
Package xcolor Info: Model `wave' substituted by `hsb' on input line 1360.
)
("C:\Users\Admin\Documents\My Programs\Installed LaTeX (MikTeX)\tex\generic\pgf
\basiclayer\pgfcore.code.tex"
Package: pgfcore 2010/04/11 v3.0.1a (rcs-revision 1.7)

("C:\Users\Admin\Documents\My Programs\Installed LaTeX (MikTeX)\tex\generic\pgf
\math\pgfmath.code.tex"
("C:\Users\Admin\Documents\My Programs\Installed LaTeX (MikTeX)\tex\generic\pgf
\math\pgfmathcalc.code.tex"
("C:\Users\Admin\Documents\My Programs\Installed LaTeX (MikTeX)\tex\generic\pgf
\math\pgfmathutil.code.tex")
("C:\Users\Admin\Documents\My Programs\Installed LaTeX (MikTeX)\tex\generic\pgf
\math\pgfmathparser.code.tex"
\pgfmath@dimen=\dimen115
\pgfmath@count=\count94
\pgfmath@box=\box27
\pgfmath@toks=\toks22
\pgfmath@stack@operand=\toks23
\pgfmath@stack@operation=\toks24
)
("C:\Users\Admin\Documents\My Programs\Installed LaTeX (MikTeX)\tex\generic\pgf
\math\pgfmathfunctions.code.tex"
("C:\Users\Admin\Documents\My Programs\Installed LaTeX (MikTeX)\tex\generic\pgf
\math\pgfmathfunctions.basic.code.tex")
("C:\Users\Admin\Documents\My Programs\Installed LaTeX (MikTeX)\tex\generic\pgf
\math\pgfmathfunctions.trigonometric.code.tex")
("C:\Users\Admin\Documents\My Programs\Installed LaTeX (MikTeX)\tex\generic\pgf
\math\pgfmathfunctions.random.code.tex")
("C:\Users\Admin\Documents\My Programs\Installed LaTeX (MikTeX)\tex\generic\pgf
\math\pgfmathfunctions.comparison.code.tex")
("C:\Users\Admin\Documents\My Programs\Installed LaTeX (MikTeX)\tex\generic\pgf
\math\pgfmathfunctions.base.code.tex")
("C:\Users\Admin\Documents\My Programs\Installed LaTeX (MikTeX)\tex\generic\pgf
\math\pgfmathfunctions.round.code.tex")
("C:\Users\Admin\Documents\My Programs\Installed LaTeX (MikTeX)\tex\generic\pgf
\math\pgfmathfunctions.misc.code.tex")
("C:\Users\Admin\Documents\My Programs\Installed LaTeX (MikTeX)\tex\generic\pgf
\math\pgfmathfunctions.integerarithmetics.code.tex")))
("C:\Users\Admin\Documents\My Programs\Installed LaTeX (MikTeX)\tex\generic\pgf
\math\pgfmathfloat.code.tex"
\c@pgfmathroundto@lastzeros=\count95
))
("C:\Users\Admin\Documents\My Programs\Installed LaTeX (MikTeX)\tex\generic\pgf
\basiclayer\pgfcorepoints.code.tex"
File: pgfcorepoints.code.tex 2013/10/07  (rcs-revision 1.27)
\pgf@picminx=\dimen116
\pgf@picmaxx=\dimen117
\pgf@picminy=\dimen118
\pgf@picmaxy=\dimen119
\pgf@pathminx=\dimen120
\pgf@pathmaxx=\dimen121
\pgf@pathminy=\dimen122
\pgf@pathmaxy=\dimen123
\pgf@xx=\dimen124
\pgf@xy=\dimen125
\pgf@yx=\dimen126
\pgf@yy=\dimen127
\pgf@zx=\dimen128
\pgf@zy=\dimen129
)
("C:\Users\Admin\Documents\My Programs\Installed LaTeX (MikTeX)\tex\generic\pgf
\basiclayer\pgfcorepathconstruct.code.tex"
File: pgfcorepathconstruct.code.tex 2013/10/07  (rcs-revision 1.29)
\pgf@path@lastx=\dimen130
\pgf@path@lasty=\dimen131
)
("C:\Users\Admin\Documents\My Programs\Installed LaTeX (MikTeX)\tex\generic\pgf
\basiclayer\pgfcorepathusage.code.tex"
File: pgfcorepathusage.code.tex 2014/11/02  (rcs-revision 1.24)
\pgf@shorten@end@additional=\dimen132
\pgf@shorten@start@additional=\dimen133
)
("C:\Users\Admin\Documents\My Programs\Installed LaTeX (MikTeX)\tex\generic\pgf
\basiclayer\pgfcorescopes.code.tex"
File: pgfcorescopes.code.tex 2015/05/08  (rcs-revision 1.46)
\pgfpic=\box28
\pgf@hbox=\box29
\pgf@layerbox@main=\box30
\pgf@picture@serial@count=\count96
)
("C:\Users\Admin\Documents\My Programs\Installed LaTeX (MikTeX)\tex\generic\pgf
\basiclayer\pgfcoregraphicstate.code.tex"
File: pgfcoregraphicstate.code.tex 2014/11/02  (rcs-revision 1.12)
\pgflinewidth=\dimen134
)
("C:\Users\Admin\Documents\My Programs\Installed LaTeX (MikTeX)\tex\generic\pgf
\basiclayer\pgfcoretransformations.code.tex"
File: pgfcoretransformations.code.tex 2015/08/07  (rcs-revision 1.20)
\pgf@pt@x=\dimen135
\pgf@pt@y=\dimen136
\pgf@pt@temp=\dimen137
)
("C:\Users\Admin\Documents\My Programs\Installed LaTeX (MikTeX)\tex\generic\pgf
\basiclayer\pgfcorequick.code.tex"
File: pgfcorequick.code.tex 2008/10/09  (rcs-revision 1.3)
)
("C:\Users\Admin\Documents\My Programs\Installed LaTeX (MikTeX)\tex\generic\pgf
\basiclayer\pgfcoreobjects.code.tex"
File: pgfcoreobjects.code.tex 2006/10/11  (rcs-revision 1.2)
)
("C:\Users\Admin\Documents\My Programs\Installed LaTeX (MikTeX)\tex\generic\pgf
\basiclayer\pgfcorepathprocessing.code.tex"
File: pgfcorepathprocessing.code.tex 2013/09/09  (rcs-revision 1.9)
)
("C:\Users\Admin\Documents\My Programs\Installed LaTeX (MikTeX)\tex\generic\pgf
\basiclayer\pgfcorearrows.code.tex"
File: pgfcorearrows.code.tex 2015/05/14  (rcs-revision 1.43)
\pgfarrowsep=\dimen138
)
("C:\Users\Admin\Documents\My Programs\Installed LaTeX (MikTeX)\tex\generic\pgf
\basiclayer\pgfcoreshade.code.tex"
File: pgfcoreshade.code.tex 2013/07/15  (rcs-revision 1.15)
\pgf@max=\dimen139
\pgf@sys@shading@range@num=\count97
)
("C:\Users\Admin\Documents\My Programs\Installed LaTeX (MikTeX)\tex\generic\pgf
\basiclayer\pgfcoreimage.code.tex"
File: pgfcoreimage.code.tex 2013/07/15  (rcs-revision 1.18)

("C:\Users\Admin\Documents\My Programs\Installed LaTeX (MikTeX)\tex\generic\pgf
\basiclayer\pgfcoreexternal.code.tex"
File: pgfcoreexternal.code.tex 2014/07/09  (rcs-revision 1.21)
\pgfexternal@startupbox=\box31
))
("C:\Users\Admin\Documents\My Programs\Installed LaTeX (MikTeX)\tex\generic\pgf
\basiclayer\pgfcorelayers.code.tex"
File: pgfcorelayers.code.tex 2013/07/18  (rcs-revision 1.7)
)
("C:\Users\Admin\Documents\My Programs\Installed LaTeX (MikTeX)\tex\generic\pgf
\basiclayer\pgfcoretransparency.code.tex"
File: pgfcoretransparency.code.tex 2013/09/30  (rcs-revision 1.5)
)
("C:\Users\Admin\Documents\My Programs\Installed LaTeX (MikTeX)\tex\generic\pgf
\basiclayer\pgfcorepatterns.code.tex"
File: pgfcorepatterns.code.tex 2013/11/07  (rcs-revision 1.5)
)))
("C:\Users\Admin\Documents\My Programs\Installed LaTeX (MikTeX)\tex\generic\pgf
\modules\pgfmoduleshapes.code.tex"
File: pgfmoduleshapes.code.tex 2014/03/21  (rcs-revision 1.35)
\pgfnodeparttextbox=\box32
)
("C:\Users\Admin\Documents\My Programs\Installed LaTeX (MikTeX)\tex\generic\pgf
\modules\pgfmoduleplot.code.tex"
File: pgfmoduleplot.code.tex 2015/08/03  (rcs-revision 1.13)
)
("C:\Users\Admin\Documents\My Programs\Installed LaTeX (MikTeX)\tex\latex\pgf\c
ompatibility\pgfcomp-version-0-65.sty"
Package: pgfcomp-version-0-65 2007/07/03 v3.0.1a (rcs-revision 1.7)
\pgf@nodesepstart=\dimen140
\pgf@nodesepend=\dimen141
)
("C:\Users\Admin\Documents\My Programs\Installed LaTeX (MikTeX)\tex\latex\pgf\c
ompatibility\pgfcomp-version-1-18.sty"
Package: pgfcomp-version-1-18 2007/07/23 v3.0.1a (rcs-revision 1.1)
))
("C:\Users\Admin\Documents\My Programs\Installed LaTeX (MikTeX)\tex\latex\pgf\u
tilities\pgffor.sty"
("C:\Users\Admin\Documents\My Programs\Installed LaTeX (MikTeX)\tex\latex\pgf\u
tilities\pgfkeys.sty"
("C:\Users\Admin\Documents\My Programs\Installed LaTeX (MikTeX)\tex\generic\pgf
\utilities\pgfkeys.code.tex"))
("C:\Users\Admin\Documents\My Programs\Installed LaTeX (MikTeX)\tex\latex\pgf\m
ath\pgfmath.sty"
("C:\Users\Admin\Documents\My Programs\Installed LaTeX (MikTeX)\tex\generic\pgf
\math\pgfmath.code.tex"))
("C:\Users\Admin\Documents\My Programs\Installed LaTeX (MikTeX)\tex\generic\pgf
\utilities\pgffor.code.tex"
Package: pgffor 2013/12/13 v3.0.1a (rcs-revision 1.25)

("C:\Users\Admin\Documents\My Programs\Installed LaTeX (MikTeX)\tex\generic\pgf
\math\pgfmath.code.tex")
\pgffor@iter=\dimen142
\pgffor@skip=\dimen143
\pgffor@stack=\toks25
\pgffor@toks=\toks26
))
("C:\Users\Admin\Documents\My Programs\Installed LaTeX (MikTeX)\tex\generic\pgf
\frontendlayer\tikz\tikz.code.tex"
Package: tikz 2015/08/07 v3.0.1a (rcs-revision 1.151)

("C:\Users\Admin\Documents\My Programs\Installed LaTeX (MikTeX)\tex\generic\pgf
\libraries\pgflibraryplothandlers.code.tex"
File: pgflibraryplothandlers.code.tex 2013/08/31 v3.0.1a (rcs-revision 1.20)
\pgf@plot@mark@count=\count98
\pgfplotmarksize=\dimen144
)
\tikz@lastx=\dimen145
\tikz@lasty=\dimen146
\tikz@lastxsaved=\dimen147
\tikz@lastysaved=\dimen148
\tikzleveldistance=\dimen149
\tikzsiblingdistance=\dimen150
\tikz@figbox=\box33
\tikz@figbox@bg=\box34
\tikz@tempbox=\box35
\tikz@tempbox@bg=\box36
\tikztreelevel=\count99
\tikznumberofchildren=\count100
\tikznumberofcurrentchild=\count101
\tikz@fig@count=\count102

("C:\Users\Admin\Documents\My Programs\Installed LaTeX (MikTeX)\tex\generic\pgf
\modules\pgfmodulematrix.code.tex"
File: pgfmodulematrix.code.tex 2013/09/17  (rcs-revision 1.8)
\pgfmatrixcurrentrow=\count103
\pgfmatrixcurrentcolumn=\count104
\pgf@matrix@numberofcolumns=\count105
)
\tikz@expandcount=\count106

("C:\Users\Admin\Documents\My Programs\Installed LaTeX (MikTeX)\tex\generic\pgf
\frontendlayer\tikz\libraries\tikzlibrarytopaths.code.tex"
File: tikzlibrarytopaths.code.tex 2008/06/17 v3.0.1a (rcs-revision 1.2)
)))
("C:\Users\Admin\Documents\My Programs\Installed LaTeX (MikTeX)\tex\generic\pgf
plots\pgfplots.code.tex"
("C:\Users\Admin\Documents\My Programs\Installed LaTeX (MikTeX)\tex\generic\pgf
plots\pgfplotscore.code.tex"
\t@pgfplots@toka=\toks27
\t@pgfplots@tokb=\toks28
\t@pgfplots@tokc=\toks29
\pgfplots@tmpa=\dimen151
\c@pgfplots@coordindex=\count107
\c@pgfplots@scanlineindex=\count108

("C:\Users\Admin\Documents\My Programs\Installed LaTeX (MikTeX)\tex\generic\pgf
plots\sys\pgfplotssysgeneric.code.tex"))
("C:\Users\Admin\Documents\My Programs\Installed LaTeX (MikTeX)\tex\generic\pgf
plots\libs\pgfplotslibrary.code.tex")
("C:\Users\Admin\Documents\My Programs\Installed LaTeX (MikTeX)\tex\generic\pgf
plots\oldpgfcompatib\pgfplotsoldpgfsupp_loader.code.tex"
("C:\Users\Admin\Documents\My Programs\Installed LaTeX (MikTeX)\tex\generic\pgf
\libraries\pgflibraryfpu.code.tex")
Package pgfplots: loading complementary arithmetics for your pgf version...

("C:\Users\Admin\Documents\My Programs\Installed LaTeX (MikTeX)\tex\generic\pgf
plots\oldpgfcompatib\pgfplotsoldpgfsupp_pgflibraryfpu.code.tex")
("C:\Users\Admin\Documents\My Programs\Installed LaTeX (MikTeX)\tex\generic\pgf
plots\oldpgfcompatib\pgfplotsoldpgfsupp_pgfmathfloat.code.tex"
\c@pgfmathroundto@lastzeros=\count109
))
("C:\Users\Admin\Documents\My Programs\Installed LaTeX (MikTeX)\tex\generic\pgf
plots\util\pgfplotsutil.code.tex"
("C:\Users\Admin\Documents\My Programs\Installed LaTeX (MikTeX)\tex\generic\pgf
plots\liststructure\pgfplotsliststructure.code.tex")
("C:\Users\Admin\Documents\My Programs\Installed LaTeX (MikTeX)\tex\generic\pgf
plots\liststructure\pgfplotsliststructureext.code.tex")
("C:\Users\Admin\Documents\My Programs\Installed LaTeX (MikTeX)\tex\generic\pgf
plots\liststructure\pgfplotsarray.code.tex"
\c@pgfplotsarray@tmp=\count110
)
("C:\Users\Admin\Documents\My Programs\Installed LaTeX (MikTeX)\tex\generic\pgf
plots\liststructure\pgfplotsmatrix.code.tex")
("C:\Users\Admin\Documents\My Programs\Installed LaTeX (MikTeX)\tex\generic\pgf
plots\numtable\pgfplotstableshared.code.tex"
\c@pgfplotstable@counta=\count111
\t@pgfplotstable@a=\toks30
)
("C:\Users\Admin\Documents\My Programs\Installed LaTeX (MikTeX)\tex\generic\pgf
plots\liststructure\pgfplotsdeque.code.tex")
("C:\Users\Admin\Documents\My Programs\Installed LaTeX (MikTeX)\tex\generic\pgf
plots\util\pgfplotsbinary.code.tex"
("C:\Users\Admin\Documents\My Programs\Installed LaTeX (MikTeX)\tex\generic\pgf
plots\util\pgfplotsbinary.data.code.tex"))
("C:\Users\Admin\Documents\My Programs\Installed LaTeX (MikTeX)\tex\generic\pgf
plots\util\pgfplotsutil.verb.code.tex")
("C:\Users\Admin\Documents\My Programs\Installed LaTeX (MikTeX)\tex\generic\pgf
plots\libs\pgflibrarypgfplots.surfshading.code.tex"
\c@pgfplotslibrarysurf@no=\count112

("C:\Users\Admin\Documents\My Programs\Installed LaTeX (MikTeX)\tex\generic\pgf
plots\sys\pgflibrarypgfplots.surfshading.pgfsys-pdftex.def")))
("C:\Users\Admin\Documents\My Programs\Installed LaTeX (MikTeX)\tex\generic\pgf
plots\util\pgfplotscolormap.code.tex"
("C:\Users\Admin\Documents\My Programs\Installed LaTeX (MikTeX)\tex\generic\pgf
plots\util\pgfplotscolor.code.tex"))
("C:\Users\Admin\Documents\My Programs\Installed LaTeX (MikTeX)\tex\generic\pgf
plots\pgfplotsstackedplots.code.tex")
("C:\Users\Admin\Documents\My Programs\Installed LaTeX (MikTeX)\tex\generic\pgf
plots\pgfplotsplothandlers.code.tex"
("C:\Users\Admin\Documents\My Programs\Installed LaTeX (MikTeX)\tex\generic\pgf
plots\pgfplotsmeshplothandler.code.tex"
("C:\Users\Admin\Documents\My Programs\Installed LaTeX (MikTeX)\tex\generic\pgf
plots\pgfplotsmeshplotimage.code.tex")))
("C:\Users\Admin\Documents\My Programs\Installed LaTeX (MikTeX)\tex\generic\pgf
plots\pgfplots.scaling.code.tex")
("C:\Users\Admin\Documents\My Programs\Installed LaTeX (MikTeX)\tex\generic\pgf
plots\pgfplotscoordprocessing.code.tex")
("C:\Users\Admin\Documents\My Programs\Installed LaTeX (MikTeX)\tex\generic\pgf
plots\pgfplots.errorbars.code.tex")
("C:\Users\Admin\Documents\My Programs\Installed LaTeX (MikTeX)\tex\generic\pgf
plots\pgfplots.markers.code.tex")
("C:\Users\Admin\Documents\My Programs\Installed LaTeX (MikTeX)\tex\generic\pgf
plots\pgfplotsticks.code.tex")
("C:\Users\Admin\Documents\My Programs\Installed LaTeX (MikTeX)\tex\generic\pgf
plots\pgfplots.paths.code.tex")
("C:\Users\Admin\Documents\My Programs\Installed LaTeX (MikTeX)\tex\generic\pgf
\frontendlayer\tikz\libraries\tikzlibrarydecorations.code.tex"
("C:\Users\Admin\Documents\My Programs\Installed LaTeX (MikTeX)\tex\generic\pgf
\modules\pgfmoduledecorations.code.tex"
\pgfdecoratedcompleteddistance=\dimen152
\pgfdecoratedremainingdistance=\dimen153
\pgfdecoratedinputsegmentcompleteddistance=\dimen154
\pgfdecoratedinputsegmentremainingdistance=\dimen155
\pgf@decorate@distancetomove=\dimen156
\pgf@decorate@repeatstate=\count113
\pgfdecorationsegmentamplitude=\dimen157
\pgfdecorationsegmentlength=\dimen158
)
\tikz@lib@dec@box=\box37
)
("C:\Users\Admin\Documents\My Programs\Installed LaTeX (MikTeX)\tex\generic\pgf
\frontendlayer\tikz\libraries\tikzlibrarydecorations.pathmorphing.code.tex"
("C:\Users\Admin\Documents\My Programs\Installed LaTeX (MikTeX)\tex\generic\pgf
\libraries\decorations\pgflibrarydecorations.pathmorphing.code.tex"))
("C:\Users\Admin\Documents\My Programs\Installed LaTeX (MikTeX)\tex\generic\pgf
\frontendlayer\tikz\libraries\tikzlibrarydecorations.pathreplacing.code.tex"
("C:\Users\Admin\Documents\My Programs\Installed LaTeX (MikTeX)\tex\generic\pgf
\libraries\decorations\pgflibrarydecorations.pathreplacing.code.tex"))
\pgfplots@numplots=\count114
\pgfplots@xmin@reg=\dimen159
\pgfplots@xmax@reg=\dimen160
\pgfplots@ymin@reg=\dimen161
\pgfplots@ymax@reg=\dimen162
\pgfplots@zmin@reg=\dimen163
\pgfplots@zmax@reg=\dimen164
)
("C:\Users\Admin\Documents\My Programs\Installed LaTeX (MikTeX)\tex\generic\pgf
\frontendlayer\tikz\libraries\tikzlibraryplotmarks.code.tex"
File: tikzlibraryplotmarks.code.tex 2008/01/09 v3.0.1a (rcs-revision 1.1)

("C:\Users\Admin\Documents\My Programs\Installed LaTeX (MikTeX)\tex\generic\pgf
\libraries\pgflibraryplotmarks.code.tex"
File: pgflibraryplotmarks.code.tex 2015/08/03 v3.0.1a (rcs-revision 1.14)
)))
("C:\Users\Admin\Documents\My Programs\Installed LaTeX (MikTeX)\tex\latex\capt-
of\capt-of.sty"
Package: capt-of 2009/12/29 v0.2 standard captions outside of floats
)
("C:\Users\Admin\Documents\My Programs\Installed LaTeX (MikTeX)\tex\generic\bab
el\babel.sty"
Package: babel 2015/08/03 3.9m The Babel package

*************************************
* Local config file bblopts.cfg used
*

("C:\Users\Admin\Documents\My Programs\Installed LaTeX (MikTeX)\tex\latex\00mik
tex\bblopts.cfg"
File: bblopts.cfg 2006/07/31 v1.0 MiKTeX 'babel' configuration
)
("C:\Users\Admin\Documents\My Programs\Installed LaTeX (MikTeX)\tex\latex\babel
-dutch\dutch.ldf"
Language: dutch 2005/03/30 v3.8i Dutch support from the babel system

("C:\Users\Admin\Documents\My Programs\Installed LaTeX (MikTeX)\tex\generic\bab
el\babel.def"
File: babel.def 2015/08/03 3.9m Babel common definitions
\babel@savecnt=\count115
\U@D=\dimen165
)
Package babel Info: Making " an active character on input line 132.
))
("C:\Users\Admin\Documents\My Programs\Installed LaTeX (MikTeX)\tex\latex\amscl
s\amsthm.sty"
Package: amsthm 2015/03/04 v2.20.2
\thm@style=\toks31
\thm@bodyfont=\toks32
\thm@headfont=\toks33
\thm@notefont=\toks34
\thm@headpunct=\toks35
\thm@preskip=\skip44
\thm@postskip=\skip45
\thm@headsep=\skip46
\dth@everypar=\toks36
)
("C:\Users\Admin\Documents\My Programs\Installed LaTeX (MikTeX)\tex\latex\amsfo
nts\amssymb.sty"
Package: amssymb 2013/01/14 v3.01 AMS font symbols

("C:\Users\Admin\Documents\My Programs\Installed LaTeX (MikTeX)\tex\latex\amsfo
nts\amsfonts.sty"
Package: amsfonts 2013/01/14 v3.01 Basic AMSFonts support
\@emptytoks=\toks37
\symAMSa=\mathgroup5
\symAMSb=\mathgroup6
LaTeX Font Info:    Overwriting math alphabet `\mathfrak' in version `bold'
(Font)                  U/euf/m/n --> U/euf/b/n on input line 106.
))
("C:\Users\Admin\Documents\My Programs\Installed LaTeX (MikTeX)\tex\generic\pgf
\frontendlayer\tikz\libraries\tikzlibraryarrows.code.tex"
File: tikzlibraryarrows.code.tex 2008/01/09 v3.0.1a (rcs-revision 1.1)

("C:\Users\Admin\Documents\My Programs\Installed LaTeX (MikTeX)\tex\generic\pgf
\libraries\pgflibraryarrows.code.tex"
File: pgflibraryarrows.code.tex 2013/09/23 v3.0.1a (rcs-revision 1.16)
\arrowsize=\dimen166
))
("C:\Users\Admin\Documents\My Programs\Installed LaTeX (MikTeX)\tex\generic\pgf
\frontendlayer\tikz\libraries\tikzlibraryautomata.code.tex"
File: tikzlibraryautomata.code.tex 2008/07/14 v3.0.1a (rcs-revision 1.3)

("C:\Users\Admin\Documents\My Programs\Installed LaTeX (MikTeX)\tex\generic\pgf
\frontendlayer\tikz\libraries\tikzlibraryshapes.multipart.code.tex"
File: tikzlibraryshapes.multipart.code.tex 2008/01/09 v3.0.1a (rcs-revision 1.1
)

("C:\Users\Admin\Documents\My Programs\Installed LaTeX (MikTeX)\tex\generic\pgf
\libraries\shapes\pgflibraryshapes.multipart.code.tex"
File: pgflibraryshapes.multipart.code.tex 2010/01/07 v3.0.1a (rcs-revision 1.2)

\pgfnodepartlowerbox=\box38
\pgfnodeparttwobox=\box39
\pgfnodepartthreebox=\box40
\pgfnodepartfourbox=\box41
\pgfnodeparttwentybox=\box42
\pgfnodepartnineteenbox=\box43
\pgfnodeparteighteenbox=\box44
\pgfnodepartseventeenbox=\box45
\pgfnodepartsixteenbox=\box46
\pgfnodepartfifteenbox=\box47
\pgfnodepartfourteenbox=\box48
\pgfnodepartthirteenbox=\box49
\pgfnodeparttwelvebox=\box50
\pgfnodepartelevenbox=\box51
\pgfnodeparttenbox=\box52
\pgfnodepartninebox=\box53
\pgfnodeparteightbox=\box54
\pgfnodepartsevenbox=\box55
\pgfnodepartsixbox=\box56
\pgfnodepartfivebox=\box57
)))
\c@lemma=\count116
\c@definitie=\count117

("C:\Users\Admin\Documents\My Programs\Installed LaTeX (MikTeX)\tex\latex\capti
on\subcaption.sty"
Package: subcaption 2013/02/03 v1.1-62 Sub-captions (AR)

("C:\Users\Admin\Documents\My Programs\Installed LaTeX (MikTeX)\tex\latex\capti
on\caption.sty"
Package: caption 2013/05/02 v3.3-89 Customizing captions (AR)

("C:\Users\Admin\Documents\My Programs\Installed LaTeX (MikTeX)\tex\latex\capti
on\caption3.sty"
Package: caption3 2013/05/02 v1.6-88 caption3 kernel (AR)
Package caption3 Info: TeX engine: e-TeX on input line 57.
\captionmargin=\dimen167
\captionmargin@=\dimen168
\captionwidth=\dimen169
\caption@tempdima=\dimen170
\caption@indent=\dimen171
\caption@parindent=\dimen172
\caption@hangindent=\dimen173
)
\c@ContinuedFloat=\count118
)
\c@subfigure=\count119
\c@subtable=\count120
)
("C:\Users\Admin\Documents\My Programs\Installed LaTeX (MikTeX)\tex\latex\listi
ngs\listings.sty"
\lst@mode=\count121
\lst@gtempboxa=\box58
\lst@token=\toks38
\lst@length=\count122
\lst@currlwidth=\dimen174
\lst@column=\count123
\lst@pos=\count124
\lst@lostspace=\dimen175
\lst@width=\dimen176
\lst@newlines=\count125
\lst@lineno=\count126
\lst@maxwidth=\dimen177

("C:\Users\Admin\Documents\My Programs\Installed LaTeX (MikTeX)\tex\latex\listi
ngs\lstmisc.sty"
File: lstmisc.sty 2015/06/04 1.6 (Carsten Heinz)
\c@lstnumber=\count127
\lst@skipnumbers=\count128
\lst@framebox=\box59
)
("C:\Users\Admin\Documents\My Programs\Installed LaTeX (MikTeX)\tex\latex\listi
ngs\listings.cfg"
File: listings.cfg 2015/06/04 1.6 listings configuration
))
Package: listings 2015/06/04 1.6 (Carsten Heinz)

("C:\Users\Admin\Documents\My Programs\Installed LaTeX (MikTeX)\tex\latex\wrapf
ig\wrapfig.sty"
\wrapoverhang=\dimen178
\WF@size=\dimen179
\c@WF@wrappedlines=\count129
\WF@box=\box60
\WF@everypar=\toks39
Package: wrapfig 2003/01/31  v 3.6
)
("C:\Users\Admin\Documents\My Programs\Installed LaTeX (MikTeX)\tex\latex\tabu\
tabu.sty"
Package: tabu 2011/02/26 v2.8 - flexible LaTeX tabulars (FC)

("C:\Users\Admin\Documents\My Programs\Installed LaTeX (MikTeX)\tex\latex\tools
\array.sty"
Package: array 2014/10/28 v2.4c Tabular extension package (FMi)
\col@sep=\dimen180
\extrarowheight=\dimen181
\NC@list=\toks40
\extratabsurround=\skip47
\backup@length=\skip48
)
("C:\Users\Admin\Documents\My Programs\Installed LaTeX (MikTeX)\tex\latex\ltxmi
sc\varwidth.sty"
Package: varwidth 2009/03/30 ver 0.92;  Variable-width minipages
\@vwid@box=\box61
\sift@deathcycles=\count130
\@vwid@loff=\dimen182
\@vwid@roff=\dimen183
)
\c@taburow=\count131
\tabu@nbcols=\count132
\tabu@cnt=\count133
\tabu@Xcol=\count134
\tabu@alloc=\count135
\tabu@nested=\count136
\tabu@target=\dimen184
\tabu@spreadtarget=\dimen185
\tabu@naturalX=\dimen186
\tabucolX=\dimen187
\tabu@Xsum=\dimen188
\extrarowdepth=\dimen189
\abovetabulinesep=\dimen190
\belowtabulinesep=\dimen191
\tabustrutrule=\dimen192
\tabu@thebody=\toks41
\tabu@footnotes=\toks42
\tabu@box=\box62
\tabu@arstrutbox=\box63
\tabu@hleads=\box64
\tabu@vleads=\box65
\tabu@cellskip=\skip49
)
("C:\Users\Admin\Documents\My Programs\Installed LaTeX (MikTeX)\tex\generic\pgf
\libraries\pgflibraryarrows.meta.code.tex"
File: pgflibraryarrows.meta.code.tex 2015/05/13 v3.0.1a (rcs-revision 1.13)
\pgfarrowinset=\dimen193
\pgfarrowlength=\dimen194
\pgfarrowwidth=\dimen195
\pgfarrowlinewidth=\dimen196
)
("C:\Users\Admin\Documents\My Programs\Installed LaTeX (MikTeX)\tex\generic\pgf
\frontendlayer\tikz\libraries\tikzlibrarycalc.code.tex"
File: tikzlibrarycalc.code.tex 2013/07/15 v3.0.1a (rcs-revision 1.9)
)
("C:\Users\Admin\Documents\My Programs\Installed LaTeX (MikTeX)\tex\generic\pgf
\frontendlayer\tikz\libraries\tikzlibrarypositioning.code.tex"
File: tikzlibrarypositioning.code.tex 2008/10/06 v3.0.1a (rcs-revision 1.7)
)
("C:\Users\Admin\Documents\My Programs\Installed LaTeX (MikTeX)\tex\latex\listi
ngs\lstlang1.sty"
File: lstlang1.sty 2015/06/04 1.6 listings language file
) (SortingNetworks.aux)
LaTeX Font Info:    Checking defaults for OML/cmm/m/it on input line 35.
LaTeX Font Info:    ... okay on input line 35.
LaTeX Font Info:    Checking defaults for T1/cmr/m/n on input line 35.
LaTeX Font Info:    ... okay on input line 35.
LaTeX Font Info:    Checking defaults for OT1/cmr/m/n on input line 35.
LaTeX Font Info:    ... okay on input line 35.
LaTeX Font Info:    Checking defaults for OMS/cmsy/m/n on input line 35.
LaTeX Font Info:    ... okay on input line 35.
LaTeX Font Info:    Checking defaults for OMX/cmex/m/n on input line 35.
LaTeX Font Info:    ... okay on input line 35.
LaTeX Font Info:    Checking defaults for U/cmr/m/n on input line 35.
LaTeX Font Info:    ... okay on input line 35.
LaTeX Font Info:    Try loading font information for OT1+ptm on input line 35.

("C:\Users\Admin\Documents\My Programs\Installed LaTeX (MikTeX)\tex\latex\psnfs
s\ot1ptm.fd"
File: ot1ptm.fd 2001/06/04 font definitions for OT1/ptm.
) ABD: EveryShipout initializing macros
("C:\Users\Admin\Documents\My Programs\Installed LaTeX (MikTeX)\tex\context\bas
e\supp-pdf.mkii"
[Loading MPS to PDF converter (version 2006.09.02).]
\scratchcounter=\count137
\scratchdimen=\dimen197
\scratchbox=\box66
\nofMPsegments=\count138
\nofMParguments=\count139
\everyMPshowfont=\toks43
\MPscratchCnt=\count140
\MPscratchDim=\dimen198
\MPnumerator=\count141
\makeMPintoPDFobject=\count142
\everyMPtoPDFconversion=\toks44
)

Package pgfplots Warning: running in backwards compatibility mode (unsuitable t
ick labels; missing features). Consider writing \pgfplotsset{compat=1.13} into 
your preamble.
 on input line 35.

Package caption Info: Begin \AtBeginDocument code.
Package caption Info: listings package is loaded.
Package caption Info: wrapfig package is loaded.
Package caption Info: End \AtBeginDocument code.
\c@lstlisting=\count143
LaTeX Font Info:    Font shape `OT1/ptm/bx/n' in size <14.4> not available
(Font)              Font shape `OT1/ptm/b/n' tried instead on input line 37.
LaTeX Font Info:    Try loading font information for U+lasy on input line 37.

("C:\Users\Admin\Documents\My Programs\Installed LaTeX (MikTeX)\tex\latex\base\
ulasy.fd"
File: ulasy.fd 1998/08/17 v2.2e LaTeX symbol font definitions
)
LaTeX Font Info:    Try loading font information for U+msa on input line 37.

("C:\Users\Admin\Documents\My Programs\Installed LaTeX (MikTeX)\tex\latex\amsfo
nts\umsa.fd"
File: umsa.fd 2013/01/14 v3.01 AMS symbols A
)
LaTeX Font Info:    Try loading font information for U+msb on input line 37.

("C:\Users\Admin\Documents\My Programs\Installed LaTeX (MikTeX)\tex\latex\amsfo
nts\umsb.fd"
File: umsb.fd 2013/01/14 v3.01 AMS symbols B
)
LaTeX Font Info:    Font shape `OT1/ptm/bx/n' in size <12> not available
(Font)              Font shape `OT1/ptm/b/n' tried instead on input line 37.
 [1{C:/Users/Admin/AppData/Local/MiKTeX/2.9/pdftex/config/pdftex.map}



] <NetworkTransparent.png, id=15, 606.01407pt x 280.79906pt>
File: NetworkTransparent.png Graphic file (type png)

<use NetworkTransparent.png>
Package pdftex.def Info: NetworkTransparent.png used on input line 103.
(pdftex.def)             Requested size: 202.3529pt x 93.76083pt.
LaTeX Font Info:    Font shape `OT1/ptm/bx/n' in size <10> not available
(Font)              Font shape `OT1/ptm/b/n' tried instead on input line 127.

Underfull \hbox (badness 3536) in paragraph at lines 167--170
[]\OT1/ptm/m/n/10 Concreet kun-nen we de de-fi-ni-tie van sub-su-mes en
 []

[2 <./NetworkTransparent.png>]
LaTeX Font Info:    Font shape `OT1/ptm/bx/n' in size <10.95> not available
(Font)              Font shape `OT1/ptm/b/n' tried instead on input line 181.
LaTeX Font Info:    Try loading font information for OT1+pcr on input line 186.


("C:\Users\Admin\Documents\My Programs\Installed LaTeX (MikTeX)\tex\latex\psnfs
s\ot1pcr.fd"
File: ot1pcr.fd 2001/06/04 font definitions for OT1/pcr.
)
Overfull \hbox (7.11339pt too wide) in paragraph at lines 247--248
 [][] 
 []


Overfull \hbox (7.11339pt too wide) in paragraph at lines 268--269
 [][] 
 []


Underfull \hbox (badness 10000) in paragraph at lines 230--272
[][]
 []


Underfull \hbox (badness 1215) in paragraph at lines 275--281
\OT1/ptm/m/n/10 pa-ra-tor-net-werk is een com-pa-ra-tor die,
 []

[3] <VoorbeeldLemmas.png, id=30, 289.08pt x 200.24812pt>
File: VoorbeeldLemmas.png Graphic file (type png)

<use VoorbeeldLemmas.png>
Package pdftex.def Info: VoorbeeldLemmas.png used on input line 314.
(pdftex.def)             Requested size: 227.64894pt x 157.69318pt.

Underfull \hbox (badness 1371) in paragraph at lines 319--323
[]\OT1/ptm/m/n/10 Aangezien een per-mu-ta-tie op de uit-voer geen ver-an-
 []

<Tabel3_OpbouwW.png, id=31, 468.24937pt x 30.86531pt>
File: Tabel3_OpbouwW.png Graphic file (type png)
 <use Tabel3_OpbouwW.png>
Package pdftex.def Info: Tabel3_OpbouwW.png used on input line 338.
(pdftex.def)             Requested size: 227.64894pt x 15.0059pt.

Underfull \hbox (badness 8075) in paragraph at lines 327--342
\OT1/ptm/m/n/10 het com-pa-ra-tor-net-werk, na-me-lijk $\OML/cmm/m/it/10 w []$ 
\OT1/ptm/m/n/10 waar-bij
 []


Overfull \hbox (4.4227pt too wide) in paragraph at lines 359--362
[]\OT1/ptm/b/n/10 Lemma 5. []$[] \OMS/cmsy/m/n/10 )$
 []

[4 <./VoorbeeldLemmas.png> <./Tabel3_OpbouwW.png>]
<Gen_Prune_Opbouw.png, id=37, 225.09094pt x 435.12563pt>
File: Gen_Prune_Opbouw.png Graphic file (type png)

<use Gen_Prune_Opbouw.png>
Package pdftex.def Info: Gen_Prune_Opbouw.png used on input line 432.
(pdftex.def)             Requested size: 112.54518pt x 217.56227pt.

Overfull \hbox (11.36873pt too wide) in paragraph at lines 432--433
 [][] 
 []


Underfull \hbox (badness 1275) in paragraph at lines 436--445
\OT1/ptm/m/n/10 stap uit-voe-ren en ver-vol-gens
 []


Underfull \hbox (badness 1406) in paragraph at lines 436--445
$\OML/cmm/m/it/10 k \OT1/cmr/m/n/10 + 1$ \OT1/ptm/m/n/10 com-pa-ra-to-ren waaro
p
 []


Underfull \hbox (badness 1796) in paragraph at lines 436--445
\OT1/ptm/m/n/10 ma-ken van een va-ri-a-bele die bij-houdt op welke in-dex
 []


Underfull \hbox (badness 4254) in paragraph at lines 447--447
[][]\OT1/ptm/m/n/9 Bij de \OT1/pcr/m/n/9 Java \OT1/ptm/m/n/9 im-ple-men-ta-tie 
zul-len we ver-wij-de-ren via
 []

[5 <./Gen_Prune_Opbouw.png>]
PGFPlots: reading {netwerkVerloop7kanalen.dat}
PGFPlots: reading {netwerkVerloop8kanalen.dat}
PGFPlots: reading {netwerkVerloop9kanalen.dat}
PGFPlots: reading {netwerkVerloop10kanalen.dat}
PGFPlots: reading {netwerkVerloop7kanalen.dat}
PGFPlots: reading {netwerkVerloop8kanalen.dat}
PGFPlots: reading {netwerkVerloop9kanalen.dat}
PGFPlots: reading {netwerkVerloop10kanalen.dat}
Missing character: There is no ; in font nullfont!

Underfull \hbox (badness 1052) in paragraph at lines 497--536
\OT1/ptm/m/n/10 Onze \OT1/pcr/m/n/10 Java\OT1/ptm/m/n/10 -implementatie van het
 be-schre-ven al-go-ritme
 []

Missing character: There is no ; in font nullfont!

Overfull \hbox (2.48923pt too wide) in paragraph at lines 563--564
 [][] 
 []

<Benadering10_paper.png, id=42, 421.575pt x 316.18124pt>
File: Benadering10_paper.png Graphic file (type png)

<use Benadering10_paper.png>
Package pdftex.def Info: Benadering10_paper.png used on input line 575.
(pdftex.def)             Requested size: 247.88887pt x 185.91812pt.

Overfull \hbox (3.97762pt too wide) in paragraph at lines 575--576
 [][] 
 []

[6] <Profile_Time_9.png, id=46, 331.99031pt x 136.25906pt>
File: Profile_Time_9.png Graphic file (type png)

<use Profile_Time_9.png>
Package pdftex.def Info: Profile_Time_9.png used on input line 589.
(pdftex.def)             Requested size: 247.88887pt x 101.74077pt.

Overfull \hbox (3.97762pt too wide) in paragraph at lines 589--590
 [][] 
 []


LaTeX Warning: `!h' float specifier changed to `!ht'.


Package pgfplots Warning: Axis range for axis x is approximately empty; enlargi
ng it (it is [1.0000000000:1.0000000000]) on input line 631.

 [warning /pgfplots/warning/approx empty range enlarged]

Package pgfplots Warning: Axis range for axis x is approximately empty; enlargi
ng it (it is [1.0000000000:1.0000000000]) on input line 666.

 [warning /pgfplots/warning/approx empty range enlarged]
[7 <./Benadering10_paper.png (PNG copy)> <./Profile_Time_9.png>]
(SortingNetworks.bbl
Underfull \hbox (badness 10000) in paragraph at lines 11--14
[]\OT1/ptm/m/n/10 Daniel Bundala and
 []


Underfull \hbox (badness 1097) in paragraph at lines 11--14
\OT1/ptm/m/n/10 Jakub Zavodny.  Op-ti-mal sor-ting net-works.  \OT1/ptm/m/it/10
 CoRR\OT1/ptm/m/n/10 ,
 []


Underfull \hbox (badness 5832) in paragraph at lines 25--29
[]\OT1/ptm/m/n/10 Michael Co-dish, Lu[]s Cruz-Filipe,
 []

) [8] (SortingNetworks.aux) ) 
Here is how much of TeX's memory you used:
 26781 strings out of 493673
 677585 string characters out of 3130191
 881302 words of memory out of 3000000
 29666 multiletter control sequences out of 15000+200000
 30428 words of font info for 79 fonts, out of 3000000 for 9000
 1025 hyphenation exceptions out of 8191
 62i,21n,100p,732b,2201s stack positions out of 5000i,500n,10000p,200000b,50000s
{C:/Users/Admin/Documents/My Programs/Installed La
TeX (MikTeX)/fonts/enc/dvips/fontname/8r.enc}<C:/Users/Admin/Documents/My Progr
ams/Installed LaTeX (MikTeX)/fonts/type1/public/amsfonts/cm/cmex10.pfb><C:/User
s/Admin/Documents/My Programs/Installed LaTeX (MikTeX)/fonts/type1/public/amsfo
nts/cm/cmmi10.pfb><C:/Users/Admin/Documents/My Programs/Installed LaTeX (MikTeX
)/fonts/type1/public/amsfonts/cm/cmmi7.pfb><C:/Users/Admin/Documents/My Program
s/Installed LaTeX (MikTeX)/fonts/type1/public/amsfonts/cm/cmmi9.pfb><C:/Users/A
dmin/Documents/My Programs/Installed LaTeX (MikTeX)/fonts/type1/public/amsfonts
/cm/cmr10.pfb><C:/Users/Admin/Documents/My Programs/Installed LaTeX (MikTeX)/fo
nts/type1/public/amsfonts/cm/cmr7.pfb><C:/Users/Admin/Documents/My Programs/Ins
talled LaTeX (MikTeX)/fonts/type1/public/amsfonts/cm/cmr9.pfb><C:/Users/Admin/D
ocuments/My Programs/Installed LaTeX (MikTeX)/fonts/type1/public/amsfonts/cm/cm
sy10.pfb><C:/Users/Admin/Documents/My Programs/Installed LaTeX (MikTeX)/fonts/t
ype1/public/amsfonts/cm/cmsy7.pfb><C:/Users/Admin/Documents/My Programs/Install
ed LaTeX (MikTeX)/fonts/type1/public/amsfonts/cm/cmsy9.pfb><C:/Users/Admin/Docu
ments/My Programs/Installed LaTeX (MikTeX)/fonts/type1/public/amsfonts/symbols/
msbm10.pfb><C:/Users/Admin/Documents/My Programs/Installed LaTeX (MikTeX)/fonts
/type1/urw/courier/ucrr8a.pfb><C:/Users/Admin/Documents/My Programs/Installed L
aTeX (MikTeX)/fonts/type1/urw/times/utmb8a.pfb><C:/Users/Admin/Documents/My Pro
grams/Installed LaTeX (MikTeX)/fonts/type1/urw/times/utmr8a.pfb><C:/Users/Admin
/Documents/My Programs/Installed LaTeX (MikTeX)/fonts/type1/urw/times/utmri8a.p
fb>
Output written on SortingNetworks.pdf (8 pages, 319644 bytes).
PDF statistics:
 103 PDF objects out of 1000 (max. 8388607)
 0 named destinations out of 1000 (max. 500000)
 43 words of extra memory for PDF output out of 10000 (max. 10000000)

